<?xml version="1.0" encoding="UTF-8"?>
<!-- Generated by org.testng.reporters.JUnitReportReporter -->
<testsuite hostname="SRIKANTH" failures="0" tests="1" name="TestCases.HomePageTest" time="7.691" errors="0" timestamp="2024-08-27T17:22:22 IST" skipped="0">
  <testcase classname="TestCases.HomePageTest" name="TC_004" time="7.691"/>
</testsuite> <!-- TestCases.HomePageTest -->
