<?xml version="1.0" encoding="UTF-8"?>
<!-- Generated by org.testng.reporters.JUnitReportReporter -->
<testsuite hostname="SRIKANTH" failures="0" tests="1" name="TestCases.CheckOutPageTest" time="6.016" errors="0" timestamp="2024-08-28T10:59:18 IST" skipped="0">
  <testcase classname="TestCases.CheckOutPageTest" name="TC_005" time="6.016"/>
</testsuite> <!-- TestCases.CheckOutPageTest -->
