<?xml version="1.0" encoding="UTF-8"?>
<!-- Generated by org.testng.reporters.JUnitReportReporter -->
<testsuite hostname="SRIKANTH" failures="0" tests="4" name="TestCases.LoginPageTest" time="10.181" errors="0" timestamp="2024-08-27T17:48:09 IST" skipped="0">
  <testcase classname="TestCases.LoginPageTest" name="TC04_LoginSuccessTest" time="3.282"/>
  <testcase classname="TestCases.LoginPageTest" name="TC04_LoginSuccessTest" time="1.828"/>
  <testcase classname="TestCases.LoginPageTest" name="TC04_LoginSuccessTest" time="3.228"/>
  <testcase classname="TestCases.LoginPageTest" name="TC04_LoginSuccessTest" time="1.843"/>
</testsuite> <!-- TestCases.LoginPageTest -->
