<?xml version="1.0" encoding="UTF-8"?>
<!-- Generated by org.testng.reporters.JUnitReportReporter -->
<testsuite hostname="SRIKANTH" failures="0" tests="1" name="TestCases.LoginPageTest" time="4.052" errors="0" timestamp="2024-08-27T14:13:39 IST" skipped="0">
  <testcase classname="TestCases.LoginPageTest" name="TC_001" time="4.052"/>
</testsuite> <!-- TestCases.LoginPageTest -->
